Starting with 16 cpus - no export OMP_NUM_THREADS
FILE: versions/4_1_reduction.c

Time: 87.243164
Result: 30 504.602448 701.490234 665.609436 691.583923 708.120361 634.366089 619.410522 190.532288 206.750977 365.395752 396.910950 472.406952 701.870422 225.580078 320.048828 392.972809 211.830002 701.209412 225.546234 217.986023
Starting test slurm job
Starting test slurm job
FILE: versions_fake/hello.c
Hello world
Starting test slurm job
Finished with job 1962

Time: 87.357236
Result: 30 504.602448 701.490234 665.609436 691.583923 708.120361 634.366089 619.410522 190.532288 206.750977 365.395752 396.910950 472.406952 701.870422 225.580078 320.048828 392.972809 211.830002 701.209412 225.546234 217.986023
Starting with 16 cpus - no export OMP_NUM_THREADS
FILE: versions/4_2_2_parallel.c

Time: 46.945415
Result: 30 477.001953 663.120544 631.117432 653.756042 671.442505 600.639160 586.478699 180.658844 196.290283 346.460876 376.817871 446.567444 665.516235 213.586823 303.846802 372.608887 200.571655 665.711609 214.128265 206.950775
Starting with 16 cpus - no export OMP_NUM_THREADS
FILE: versions/4_2_3_parallel.c

Time: 47.395576
Result: 30 477.001953 663.120544 631.117432 653.756042 671.442505 600.639160 586.478699 180.658844 196.290283 346.460876 376.817871 446.567444 665.516235 213.586823 303.846802 372.608887 200.571655 665.711609 214.128265 206.950775
Starting with 16 cpus - no export OMP_NUM_THREADS
FILE: versions/4_2_4_reduction.c

Time: 66.826357
Result: 30 477.001953 663.120544 631.117432 653.756042 671.442505 600.639160 586.478699 180.658844 196.290283 346.460876 376.817871 446.567444 665.516235 213.586823 303.846802 372.608887 200.571655 665.711609 214.128265 206.950775
Starting with 16 cpus - no export OMP_NUM_THREADS
FILE: versions/4_2_all.c

Time: 65.367162
Result: 30 477.001953 663.120544 631.117432 653.756042 671.442505 600.639160 586.478699 180.658844 196.290283 346.460876 376.817871 446.567444 665.516235 213.586823 303.846802 372.608887 200.571655 665.711609 214.128265 206.950775
Starting with 16 cpus - no export OMP_NUM_THREADS
FILE: versions/4_2.c

Time: 65.458673
Result: 30 477.001953 663.120544 631.117432 653.756042 671.442505 600.639160 586.478699 180.658844 196.290283 346.460876 376.817871 446.567444 665.516235 213.586823 303.846802 372.608887 200.571655 665.711609 214.128265 206.950775
Starting with 16 cpus - no export OMP_NUM_THREADS
FILE: versions/4_3_parallel.c

Time: 81.745947
Result: 30 504.602448 701.490234 665.609436 691.583923 708.120361 634.366089 619.410522 190.532288 206.750977 365.395752 396.910950 472.406952 701.870422 225.580078 320.048828 392.972809 211.830002 701.209412 225.546234 217.986023
Starting with 16 cpus - no export OMP_NUM_THREADS
FILE: versions/4_4_parallel.c

Time: 65.257196
Result: 30 477.001953 663.120544 631.117432 653.756042 671.442505 600.639160 586.478699 180.658844 196.290283 346.460876 376.817871 446.567444 665.516235 213.586823 303.846802 372.608887 200.571655 665.711609 214.128265 206.950775
Starting with 16 cpus - no export OMP_NUM_THREADS
FILE: versions/all.c

Time: 81.743484
Result: 30 504.602448 701.490234 665.609436 691.583923 708.120361 634.366089 619.410522 190.532288 206.750977 365.395752 396.910950 472.406952 701.870422 225.580078 320.048828 392.972809 211.830002 701.209412 225.546234 217.986023
Starting with 16 cpus - no export OMP_NUM_THREADS
FILE: versions/none.c

Time: 79.881001
Result: 30 504.602448 701.490234 665.609436 691.583923 708.120361 634.366089 619.410522 190.532288 206.750977 365.395752 396.910950 472.406952 701.870422 225.580078 320.048828 392.972809 211.830002 701.209412 225.546234 217.986023
Starting with 16 cpus - export OMP_NUM_THREADS=16
FILE: versions/4_1_reduction.c

Time: 81.447157
Result: 30 504.602448 701.490234 665.609436 691.583923 708.120361 634.366089 619.410522 190.532288 206.750977 365.395752 396.910950 472.406952 701.870422 225.580078 320.048828 392.972809 211.830002 701.209412 225.546234 217.986023
Starting with 16 cpus - export OMP_NUM_THREADS=16
Starting with 16 cpus - export OMP_NUM_THREADS=16
FILE: versions/4_2_2_parallel.c

Time: 61.353352
Result: 30 390.871033 543.382629 524.094421 535.709167 559.132751 495.706329 484.019714 150.023254 164.304352 287.709106 314.625366 365.932007 554.197815 176.272781 253.697906 309.423004 166.047028 555.838135 178.787109 172.794235
Starting with 16 cpus - export OMP_NUM_THREADS=16
Starting with 16 cpus - export OMP_NUM_THREADS=16
FILE: versions/4_2_3_parallel.c

Time: 63.869033
Result: 30 390.871033 543.382629 524.094421 535.709167 559.132751 495.706329 484.019714 150.023254 164.304352 287.709106 314.625366 365.932007 554.197815 176.272781 253.697906 309.423004 166.047028 555.838135 178.787109 172.794235
Starting with 16 cpus - export OMP_NUM_THREADS=16
Starting with 16 cpus - export OMP_NUM_THREADS=16
FILE: versions/4_2_4_reduction.c

Time: 80.227796
Result: 30 390.871033 543.382629 524.094421 535.709167 559.132751 495.706329 484.019714 150.023254 164.304352 287.709106 314.625366 365.932007 554.197815 176.272781 253.697906 309.423004 166.047028 555.838135 178.787109 172.794235
Starting with 16 cpus - export OMP_NUM_THREADS=16
Starting with 16 cpus - export OMP_NUM_THREADS=16
FILE: versions/4_2_all.c

Time: 80.185031
Result: 30 390.871033 543.382629 524.094421 535.709167 559.132751 495.706329 484.019714 150.023254 164.304352 287.709106 314.625366 365.932007 554.197815 176.272781 253.697906 309.423004 166.047028 555.838135 178.787109 172.794235
Starting with 16 cpus - export OMP_NUM_THREADS=16
Starting with 16 cpus - export OMP_NUM_THREADS=16
FILE: versions/4_2.c

Time: 80.441915
Result: 30 390.871033 543.382629 524.094421 535.709167 559.132751 495.706329 484.019714 150.023254 164.304352 287.709106 314.625366 365.932007 554.197815 176.272781 253.697906 309.423004 166.047028 555.838135 178.787109 172.794235
Starting with 16 cpus - export OMP_NUM_THREADS=16
Starting with 16 cpus - export OMP_NUM_THREADS=16
FILE: versions/4_3_parallel.c

Time: 81.519730
Result: 30 504.602448 701.490234 665.609436 691.583923 708.120361 634.366089 619.410522 190.532288 206.750977 365.395752 396.910950 472.406952 701.870422 225.580078 320.048828 392.972809 211.830002 701.209412 225.546234 217.986023
Starting with 16 cpus - export OMP_NUM_THREADS=16
Starting with 16 cpus - export OMP_NUM_THREADS=16
FILE: versions/4_4_parallel.c

Time: 81.298113
Result: 30 390.871033 543.382629 524.094421 535.709167 559.132751 495.706329 484.019714 150.023254 164.304352 287.709106 314.625366 365.932007 554.197815 176.272781 253.697906 309.423004 166.047028 555.838135 178.787109 172.794235
Starting with 16 cpus - export OMP_NUM_THREADS=16
Starting with 16 cpus - export OMP_NUM_THREADS=16
FILE: versions/all.c

Time: 81.472474
Result: 30 504.602448 701.490234 665.609436 691.583923 708.120361 634.366089 619.410522 190.532288 206.750977 365.395752 396.910950 472.406952 701.870422 225.580078 320.048828 392.972809 211.830002 701.209412 225.546234 217.986023
Starting with 16 cpus - export OMP_NUM_THREADS=16
Starting with 16 cpus - export OMP_NUM_THREADS=16
FILE: versions/none.c

Time: 80.034937
Result: 30 504.602448 701.490234 665.609436 691.583923 708.120361 634.366089 619.410522 190.532288 206.750977 365.395752 396.910950 472.406952 701.870422 225.580078 320.048828 392.972809 211.830002 701.209412 225.546234 217.986023
Starting with 16 cpus - export OMP_NUM_THREADS=16
Starting with 32 cpus - export OMP_NUM_THREADS=32
FILE: versions/4_1_reduction.c

Time: 81.518946
Result: 30 504.602448 701.490234 665.609436 691.583923 708.120361 634.366089 619.410522 190.532288 206.750977 365.395752 396.910950 472.406952 701.870422 225.580078 320.048828 392.972809 211.830002 701.209412 225.546234 217.986023
Starting with 32 cpus - export OMP_NUM_THREADS=32
Starting with 32 cpus - export OMP_NUM_THREADS=32
FILE: versions/4_2_2_parallel.c

Time: 63.851527
Result: 30 390.871033 543.382629 524.094421 535.709167 559.132751 495.706329 484.019714 150.023254 164.304352 287.709106 314.625366 365.932007 554.197815 176.272781 253.697906 309.423004 166.047028 555.838135 178.787109 172.794235
Starting with 32 cpus - export OMP_NUM_THREADS=32
Starting with 32 cpus - export OMP_NUM_THREADS=32
FILE: versions/4_2_3_parallel.c

Time: 63.207664
Result: 30 390.871033 543.382629 524.094421 535.709167 559.132751 495.706329 484.019714 150.023254 164.304352 287.709106 314.625366 365.932007 554.197815 176.272781 253.697906 309.423004 166.047028 555.838135 178.787109 172.794235
Starting with 32 cpus - export OMP_NUM_THREADS=32
Starting with 32 cpus - export OMP_NUM_THREADS=32
FILE: versions/4_2_4_reduction.c

Time: 79.333284
Result: 30 390.871033 543.382629 524.094421 535.709167 559.132751 495.706329 484.019714 150.023254 164.304352 287.709106 314.625366 365.932007 554.197815 176.272781 253.697906 309.423004 166.047028 555.838135 178.787109 172.794235
Starting with 32 cpus - export OMP_NUM_THREADS=32
Starting with 32 cpus - export OMP_NUM_THREADS=32
FILE: versions/4_2_all.c

Time: 79.093217
Result: 30 390.871033 543.382629 524.094421 535.709167 559.132751 495.706329 484.019714 150.023254 164.304352 287.709106 314.625366 365.932007 554.197815 176.272781 253.697906 309.423004 166.047028 555.838135 178.787109 172.794235
Starting with 32 cpus - export OMP_NUM_THREADS=32
Starting with 32 cpus - export OMP_NUM_THREADS=32
FILE: versions/4_2.c

Time: 80.047286
Result: 30 390.871033 543.382629 524.094421 535.709167 559.132751 495.706329 484.019714 150.023254 164.304352 287.709106 314.625366 365.932007 554.197815 176.272781 253.697906 309.423004 166.047028 555.838135 178.787109 172.794235
Starting with 32 cpus - export OMP_NUM_THREADS=32
Starting with 32 cpus - export OMP_NUM_THREADS=32
FILE: versions/4_3_parallel.c

Time: 81.410863
Result: 30 504.602448 701.490234 665.609436 691.583923 708.120361 634.366089 619.410522 190.532288 206.750977 365.395752 396.910950 472.406952 701.870422 225.580078 320.048828 392.972809 211.830002 701.209412 225.546234 217.986023
Starting with 32 cpus - export OMP_NUM_THREADS=32
Starting with 32 cpus - export OMP_NUM_THREADS=32
FILE: versions/4_4_parallel.c

Time: 81.953830
Result: 30 390.871033 543.382629 524.094421 535.709167 559.132751 495.706329 484.019714 150.023254 164.304352 287.709106 314.625366 365.932007 554.197815 176.272781 253.697906 309.423004 166.047028 555.838135 178.787109 172.794235
Starting with 32 cpus - export OMP_NUM_THREADS=32
Starting with 32 cpus - export OMP_NUM_THREADS=32
FILE: versions/all.c

Time: 81.441307
Result: 30 504.602448 701.490234 665.609436 691.583923 708.120361 634.366089 619.410522 190.532288 206.750977 365.395752 396.910950 472.406952 701.870422 225.580078 320.048828 392.972809 211.830002 701.209412 225.546234 217.986023
Starting with 32 cpus - export OMP_NUM_THREADS=32
Starting with 32 cpus - export OMP_NUM_THREADS=32
FILE: versions/none.c

Time: 79.954251
Result: 30 504.602448 701.490234 665.609436 691.583923 708.120361 634.366089 619.410522 190.532288 206.750977 365.395752 396.910950 472.406952 701.870422 225.580078 320.048828 392.972809 211.830002 701.209412 225.546234 217.986023
Starting with 32 cpus - export OMP_NUM_THREADS=32
Finished with job 1963
